The system is: Windows - 10.0.15063 - AMD64
Compiling the C compiler identification source file "CMakeCCompilerId.c" succeeded.
Compiler: C:/Program Files (x86)/Microsoft Visual Studio/2019/Enterprise/VC/Tools/MSVC/14.28.29910/bin/Hostx64/x64/cl.exe 
Build flags: 
Id flags:  

The output was:
0
Microsoft (R) C/C++ Optimizing Compiler Version 19.28.29914 for x64
Copyright (C) Microsoft Corporation.  All rights reserved.

CMakeCCompilerId.c
Microsoft (R) Incremental Linker Version 14.28.29914.0
Copyright (C) Microsoft Corporation.  All rights reserved.

/out:CMakeCCompilerId.exe 
CMakeCCompilerId.obj 


Compilation of the C compiler identification source "CMakeCCompilerId.c" produced "CMakeCCompilerId.exe"

Compilation of the C compiler identification source "CMakeCCompilerId.c" produced "CMakeCCompilerId.obj"

The C compiler identification is MSVC, found in "C:/Users/Admin 64/Desktop/[]/WDBXEditor-master_moded/WDBXEditor-master_moded/WoWDBDefs/exedumper/initial_dump_from_binary-3.0.2.8885/out/build/x64-Debug/CMakeFiles/3.19.20122902-MSVC_2/CompilerIdC/CMakeCCompilerId.exe"

Compiling the CXX compiler identification source file "CMakeCXXCompilerId.cpp" succeeded.
Compiler: C:/Program Files (x86)/Microsoft Visual Studio/2019/Enterprise/VC/Tools/MSVC/14.28.29910/bin/Hostx64/x64/cl.exe 
Build flags: 
Id flags:  

The output was:
0
Microsoft (R) C/C++ Optimizing Compiler Version 19.28.29914 for x64
Copyright (C) Microsoft Corporation.  All rights reserved.

CMakeCXXCompilerId.cpp
Microsoft (R) Incremental Linker Version 14.28.29914.0
Copyright (C) Microsoft Corporation.  All rights reserved.

/out:CMakeCXXCompilerId.exe 
CMakeCXXCompilerId.obj 


Compilation of the CXX compiler identification source "CMakeCXXCompilerId.cpp" produced "CMakeCXXCompilerId.exe"

Compilation of the CXX compiler identification source "CMakeCXXCompilerId.cpp" produced "CMakeCXXCompilerId.obj"

The CXX compiler identification is MSVC, found in "C:/Users/Admin 64/Desktop/[]/WDBXEditor-master_moded/WDBXEditor-master_moded/WoWDBDefs/exedumper/initial_dump_from_binary-3.0.2.8885/out/build/x64-Debug/CMakeFiles/3.19.20122902-MSVC_2/CompilerIdCXX/CMakeCXXCompilerId.exe"

Detecting C compiler ABI info compiled with the following output:
Change Dir: C:/Users/Admin 64/Desktop/[]/WDBXEditor-master_moded/WDBXEditor-master_moded/WoWDBDefs/exedumper/initial_dump_from_binary-3.0.2.8885/out/build/x64-Debug/CMakeFiles/CMakeTmp

Run Build Command(s):C:/Program Files (x86)/Microsoft Visual Studio/2019/Enterprise/Common7/IDE/CommonExtensions/Microsoft/CMake/Ninja/ninja.exe cmTC_eefcf && [1/2] Building C object CMakeFiles\cmTC_eefcf.dir\CMakeCCompilerABI.c.obj
[2/2] Linking C executable cmTC_eefcf.exe



Detecting CXX compiler ABI info compiled with the following output:
Change Dir: C:/Users/Admin 64/Desktop/[]/WDBXEditor-master_moded/WDBXEditor-master_moded/WoWDBDefs/exedumper/initial_dump_from_binary-3.0.2.8885/out/build/x64-Debug/CMakeFiles/CMakeTmp

Run Build Command(s):C:/Program Files (x86)/Microsoft Visual Studio/2019/Enterprise/Common7/IDE/CommonExtensions/Microsoft/CMake/Ninja/ninja.exe cmTC_b07b2 && [1/2] Building CXX object CMakeFiles\cmTC_b07b2.dir\CMakeCXXCompilerABI.cpp.obj
[2/2] Linking CXX executable cmTC_b07b2.exe



